<?xml version="1.0" encoding="UTF-8"?>
<!-- Generated by org.testng.reporters.JUnitXMLReporter -->
<testsuite ignored="3" hostname="LAP01748" failures="0" tests="1" name="Default test" time="17.355" errors="0" timestamp="2024-07-28T11:25:27 ICT">
  <testcase classname="webdriver.BTVN1407" name="ex_04" time="14.629"/>
  <testcase classname="webdriver.BTVN1407" name="ex_02" time="0.0">
    <ignored/>
  </testcase> <!-- ex_02 -->
  <testcase classname="webdriver.BTVN1407" name="ex_03" time="0.0">
    <ignored/>
  </testcase> <!-- ex_03 -->
  <testcase classname="webdriver.BTVN1407" name="ex_01" time="0.0">
    <ignored/>
  </testcase> <!-- ex_01 -->
</testsuite> <!-- Default test -->
