<?xml version="1.0" encoding="UTF-8"?>
<testng-results ignored="0" total="1" passed="1" failed="0" skipped="0">
  <reporter-output>
  </reporter-output>
  <suite started-at="2024-07-28T11:25:10 ICT" name="Default suite" finished-at="2024-07-28T11:25:27 ICT" duration-ms="17355">
    <groups>
    </groups>
    <test started-at="2024-07-28T11:25:10 ICT" name="Default test" finished-at="2024-07-28T11:25:27 ICT" duration-ms="17355">
      <class name="webdriver.BTVN1407">
        <test-method is-config="true" signature="beforeClass()[pri:0, instance:webdriver.BTVN1407@1a6d8329]" started-at="2024-07-28T11:25:10 ICT" name="beforeClass" finished-at="2024-07-28T11:25:12 ICT" duration-ms="2138" status="PASS">
          <reporter-output>
          </reporter-output>
        </test-method> <!-- beforeClass -->
        <test-method signature="ex_04()[pri:0, instance:webdriver.BTVN1407@1a6d8329]" started-at="2024-07-28T11:25:12 ICT" name="ex_04" finished-at="2024-07-28T11:25:27 ICT" duration-ms="14629" status="PASS">
          <reporter-output>
          </reporter-output>
        </test-method> <!-- ex_04 -->
        <test-method is-config="true" signature="afterClass()[pri:0, instance:webdriver.BTVN1407@1a6d8329]" started-at="2024-07-28T11:25:27 ICT" name="afterClass" finished-at="2024-07-28T11:25:27 ICT" duration-ms="570" status="PASS">
          <reporter-output>
          </reporter-output>
        </test-method> <!-- afterClass -->
      </class> <!-- webdriver.BTVN1407 -->
    </test> <!-- Default test -->
  </suite> <!-- Default suite -->
</testng-results>
